<?xml version="1.0" encoding="UTF-8"?>
<Site BuildName="(empty)"
	BuildStamp="20250206-1457-Experimental"
	Name="high"
	Generator="ctest-3.28.3"
	CompilerName="/usr/bin/aarch64-linux-gnu-g++"
	CompilerVersion="13.3.0"
	OSName="Linux"
	Hostname="high"
	OSRelease="6.8.0-1018-raspi"
	OSVersion="#20-Ubuntu SMP PREEMPT_DYNAMIC Fri Jan 17 12:35:36 UTC 2025"
	OSPlatform="aarch64"
	Is64Bits="1"
	VendorString=""
	VendorID="Unknown Manufacturer"
	FamilyID="8"
	ModelID="0"
	ProcessorCacheSize="0"
	NumberOfLogicalCPU="4"
	NumberOfPhysicalCPU="1"
	TotalVirtualMemory="0"
	TotalPhysicalMemory="7937"
	LogicalProcessorsPerPhysical="4"
	ProcessorClockFrequency="0"
	>
	<Testing>
		<StartDateTime>Feb 06 11:00 MST</StartDateTime>
		<StartTestTime>1738864824</StartTestTime>
		<TestList/>
		<EndDateTime>Feb 06 11:00 MST</EndDateTime>
		<EndTestTime>1738864824</EndTestTime>
		<ElapsedMinutes>0</ElapsedMinutes>
	</Testing>
</Site>
