[0.019s] Invoking command in '/home/username/ros2_ws/build/img_capture': CMAKE_PREFIX_PATH=${CMAKE_PREFIX_PATH}:/opt/ros/jazzy /usr/bin/cmake /home/username/ros2_ws/src/img_capture -DAMENT_CMAKE_SYMLINK_INSTALL=1 -DCMAKE_INSTALL_PREFIX=/home/username/ros2_ws/install/img_capture
[0.039s] -- Found ament_cmake: 2.5.3 (/opt/ros/jazzy/share/ament_cmake/cmake)
[0.383s] -- Override CMake install command with custom implementation using symlinks instead of copying resources
[0.397s] -- Found rclcpp: 28.1.6 (/opt/ros/jazzy/share/rclcpp/cmake)
[0.441s] -- Found rosidl_generator_c: 4.6.5 (/opt/ros/jazzy/share/rosidl_generator_c/cmake)
[0.459s] -- Found rosidl_generator_cpp: 4.6.5 (/opt/ros/jazzy/share/rosidl_generator_cpp/cmake)
[0.483s] -- Using all available rosidl_typesupport_c: rosidl_typesupport_fastrtps_c;rosidl_typesupport_introspection_c
[0.508s] -- Using all available rosidl_typesupport_cpp: rosidl_typesupport_fastrtps_cpp;rosidl_typesupport_introspection_cpp
[0.663s] -- Found rmw_implementation_cmake: 7.3.1 (/opt/ros/jazzy/share/rmw_implementation_cmake/cmake)
[0.671s] -- Found rmw_fastrtps_cpp: 8.4.1 (/opt/ros/jazzy/share/rmw_fastrtps_cpp/cmake)
[0.828s] -- Found OpenSSL: /usr/lib/aarch64-linux-gnu/libcrypto.so (found version "3.0.13")  
[0.852s] -- Found FastRTPS: /opt/ros/jazzy/include (Required is at least version "2.13") 
[0.885s] -- Using RMW implementation 'rmw_fastrtps_cpp' as default
[1.020s] -- Found sensor_msgs: 5.3.5 (/opt/ros/jazzy/share/sensor_msgs/cmake)
[1.278s] -- Configuring done (1.2s)
[1.315s] -- Generating done (0.0s)
[1.326s] -- Build files have been written to: /home/username/ros2_ws/build/img_capture
[1.339s] Invoked command in '/home/username/ros2_ws/build/img_capture' returned '0': CMAKE_PREFIX_PATH=${CMAKE_PREFIX_PATH}:/opt/ros/jazzy /usr/bin/cmake /home/username/ros2_ws/src/img_capture -DAMENT_CMAKE_SYMLINK_INSTALL=1 -DCMAKE_INSTALL_PREFIX=/home/username/ros2_ws/install/img_capture
[1.341s] Invoking command in '/home/username/ros2_ws/build/img_capture': CMAKE_PREFIX_PATH=${CMAKE_PREFIX_PATH}:/opt/ros/jazzy /usr/bin/cmake --build /home/username/ros2_ws/build/img_capture -- -j4 -l4
[1.426s] [ 50%] [32mBuilding CXX object CMakeFiles/seekcamera_publisher.dir/src/seekcamera_publisher.cpp.o[0m
[5.544s] [01m[K/home/username/ros2_ws/src/img_capture/src/seekcamera_publisher.cpp:18:5:[m[K [01;31m[Kerror: [m[Kâ€˜[01m[Kseekcamera_manager_event_t[m[Kâ€™ has not been declared
[5.544s]    18 |     [01;31m[Kseekcamera_manager_event_t[m[K event,
[5.544s]       |     [01;31m[K^~~~~~~~~~~~~~~~~~~~~~~~~~[m[K
[5.566s] [01m[K/home/username/ros2_ws/src/img_capture/src/seekcamera_publisher.cpp:[m[K In constructor â€˜[01m[KSeekCameraNode::[01;32m[KSeekCameraNode[m[K()[m[Kâ€™:
[5.566s] [01m[K/home/username/ros2_ws/src/img_capture/src/seekcamera_publisher.cpp:40:5:[m[K [01;31m[Kerror: [m[Kâ€˜[01m[Kseekcamera_manager_t[m[Kâ€™ was not declared in this scope; did you mean â€˜[01m[Kseekcamera_frame_t[m[Kâ€™?
[5.566s]    40 |     [01;31m[Kseekcamera_manager_t[m[K* manager = nullptr;
[5.566s]       |     [01;31m[K^~~~~~~~~~~~~~~~~~~~[m[K
[5.566s]       |     [32m[Kseekcamera_frame_t[m[K
[5.577s] [01m[K/home/username/ros2_ws/src/img_capture/src/seekcamera_publisher.cpp:40:27:[m[K [01;31m[Kerror: [m[Kâ€˜[01m[Kmanager[m[Kâ€™ was not declared in this scope
[5.577s]    40 |     seekcamera_manager_t* [01;31m[Kmanager[m[K = nullptr;
[5.577s]       |                           [01;31m[K^~~~~~~[m[K
[5.599s] [01m[K/home/username/ros2_ws/src/img_capture/src/seekcamera_publisher.cpp:45:30:[m[K [01;31m[Kerror: [m[Kâ€˜[01m[Kseekcamera_manager_create[m[Kâ€™ was not declared in this scope
[5.599s]    45 |     seekcamera_error_t res = [01;31m[Kseekcamera_manager_create[m[K(&manager, discovery_mode);
[5.599s]       |                              [01;31m[K^~~~~~~~~~~~~~~~~~~~~~~~~[m[K
[5.636s] [01m[K/home/username/ros2_ws/src/img_capture/src/seekcamera_publisher.cpp:53:11:[m[K [01;31m[Kerror: [m[Kâ€˜[01m[Kseekcamera_manager_register_event_callback[m[Kâ€™ was not declared in this scope
[5.636s]    53 |     res = [01;31m[Kseekcamera_manager_register_event_callback[m[K(manager, cameraManagerEventCallback, nullptr);
[5.637s]       |           [01;31m[K^~~~~~~~~~~~~~~~~~~~~~~~~~~~~~~~~~~~~~~~~~[m[K
[5.660s] [01m[K/home/username/ros2_ws/src/img_capture/src/seekcamera_publisher.cpp:58:7:[m[K [01;31m[Kerror: [m[Kâ€˜[01m[Kseekcamera_manager_destroy[m[Kâ€™ was not declared in this scope
[5.661s]    58 |       [01;31m[Kseekcamera_manager_destroy[m[K(&manager);
[5.661s]       |       [01;31m[K^~~~~~~~~~~~~~~~~~~~~~~~~~[m[K
[5.662s] [01m[K/home/username/ros2_ws/src/img_capture/src/seekcamera_publisher.cpp:[m[K At global scope:
[5.662s] [01m[K/home/username/ros2_ws/src/img_capture/src/seekcamera_publisher.cpp:71:5:[m[K [01;31m[Kerror: [m[Kâ€˜[01m[Kseekcamera_manager_event_t[m[Kâ€™ has not been declared
[5.662s]    71 |     [01;31m[Kseekcamera_manager_event_t[m[K event,
[5.662s]       |     [01;31m[K^~~~~~~~~~~~~~~~~~~~~~~~~~[m[K
[5.682s] [01m[K/home/username/ros2_ws/src/img_capture/src/seekcamera_publisher.cpp:[m[K In function â€˜[01m[Kvoid[01;32m[K cameraManagerEventCallback[m[K(seekcamera_t*, int, seekcamera_error_t, void*)[m[Kâ€™:
[5.682s] [01m[K/home/username/ros2_ws/src/img_capture/src/seekcamera_publisher.cpp:77:16:[m[K [01;31m[Kerror: [m[Kâ€˜[01m[KSEEKCAMERA_MANAGER_EVENT_CONNECT[m[Kâ€™ was not declared in this scope
[5.682s]    77 |   if (event == [01;31m[KSEEKCAMERA_MANAGER_EVENT_CONNECT[m[K) {
[5.683s]       |                [01;31m[K^~~~~~~~~~~~~~~~~~~~~~~~~~~~~~~~[m[K
[5.707s] [01m[K/home/username/ros2_ws/src/img_capture/src/seekcamera_publisher.cpp:96:23:[m[K [01;31m[Kerror: [m[Kâ€˜[01m[KSEEKCAMERA_MANAGER_EVENT_DISCONNECT[m[Kâ€™ was not declared in this scope
[5.707s]    96 |   } else if (event == [01;31m[KSEEKCAMERA_MANAGER_EVENT_DISCONNECT[m[K) {
[5.707s]       |                       [01;31m[K^~~~~~~~~~~~~~~~~~~~~~~~~~~~~~~~~~~[m[K
[5.732s] [01m[K/home/username/ros2_ws/src/img_capture/src/seekcamera_publisher.cpp:99:23:[m[K [01;31m[Kerror: [m[Kâ€˜[01m[KSEEKCAMERA_MANAGER_EVENT_READY_TO_PAIR[m[Kâ€™ was not declared in this scope
[5.732s]    99 |   } else if (event == [01;31m[KSEEKCAMERA_MANAGER_EVENT_READY_TO_PAIR[m[K) {
[5.732s]       |                       [01;31m[K^~~~~~~~~~~~~~~~~~~~~~~~~~~~~~~~~~~~~~[m[K
[5.750s] [01m[K/home/username/ros2_ws/src/img_capture/src/seekcamera_publisher.cpp:102:23:[m[K [01;31m[Kerror: [m[Kâ€˜[01m[KSEEKCAMERA_MANAGER_EVENT_ERROR[m[Kâ€™ was not declared in this scope
[5.750s]   102 |   } else if (event == [01;31m[KSEEKCAMERA_MANAGER_EVENT_ERROR[m[K) {
[5.750s]       |                       [01;31m[K^~~~~~~~~~~~~~~~~~~~~~~~~~~~~~[m[K
[7.250s] [01m[K/home/username/ros2_ws/src/img_capture/src/seekcamera_publisher.cpp:[m[K At global scope:
[7.250s] [01m[K/home/username/ros2_ws/src/img_capture/src/seekcamera_publisher.cpp:69:13:[m[K [01;35m[Kwarning: [m[Kâ€˜[01m[Kvoid[01;32m[K cameraManagerEventCallback[m[K(seekcamera_t*, int, seekcamera_error_t, void*)[m[Kâ€™ defined but not used [[01;35m[K]8;;https://gcc.gnu.org/onlinedocs/gcc/Warning-Options.html#index-Wunused-function-Wunused-function]8;;[m[K]
[7.250s]    69 | static void [01;35m[KcameraManagerEventCallback[m[K(
[7.250s]       |             [01;35m[K^~~~~~~~~~~~~~~~~~~~~~~~~~[m[K
[7.297s] gmake[2]: *** [CMakeFiles/seekcamera_publisher.dir/build.make:76: CMakeFiles/seekcamera_publisher.dir/src/seekcamera_publisher.cpp.o] Error 1
[7.297s] gmake[1]: *** [CMakeFiles/Makefile2:137: CMakeFiles/seekcamera_publisher.dir/all] Error 2
[7.297s] gmake: *** [Makefile:146: all] Error 2
