[0.016s] Invoking command in '/home/username/ros2_ws/build/img_capture': CMAKE_PREFIX_PATH=${CMAKE_PREFIX_PATH}:/opt/ros/jazzy /usr/bin/cmake --build /home/username/ros2_ws/build/img_capture -- -j4 -l4
[0.118s] [ 50%] [32mBuilding CXX object CMakeFiles/seekcamera_publisher.dir/src/seekcamera_publisher.cpp.o[0m
[3.348s] [01m[K/home/username/ros2_ws/src/img_capture/src/seekcamera_publisher.cpp:18:5:[m[K [01;31m[Kerror: [m[Kâ€˜[01m[Kseekcamera_manager_event_t[m[Kâ€™ has not been declared
[3.348s]    18 |     [01;31m[Kseekcamera_manager_event_t[m[K event,
[3.349s]       |     [01;31m[K^~~~~~~~~~~~~~~~~~~~~~~~~~[m[K
[3.366s] [01m[K/home/username/ros2_ws/src/img_capture/src/seekcamera_publisher.cpp:[m[K In constructor â€˜[01m[KSeekCameraNode::[01;32m[KSeekCameraNode[m[K()[m[Kâ€™:
[3.367s] [01m[K/home/username/ros2_ws/src/img_capture/src/seekcamera_publisher.cpp:40:5:[m[K [01;31m[Kerror: [m[Kâ€˜[01m[Kseekcamera_manager_t[m[Kâ€™ was not declared in this scope; did you mean â€˜[01m[Kseekcamera_frame_t[m[Kâ€™?
[3.367s]    40 |     [01;31m[Kseekcamera_manager_t[m[K* manager = nullptr;
[3.367s]       |     [01;31m[K^~~~~~~~~~~~~~~~~~~~[m[K
[3.367s]       |     [32m[Kseekcamera_frame_t[m[K
[3.377s] [01m[K/home/username/ros2_ws/src/img_capture/src/seekcamera_publisher.cpp:40:27:[m[K [01;31m[Kerror: [m[Kâ€˜[01m[Kmanager[m[Kâ€™ was not declared in this scope
[3.378s]    40 |     seekcamera_manager_t* [01;31m[Kmanager[m[K = nullptr;
[3.378s]       |                           [01;31m[K^~~~~~~[m[K
[3.399s] [01m[K/home/username/ros2_ws/src/img_capture/src/seekcamera_publisher.cpp:45:30:[m[K [01;31m[Kerror: [m[Kâ€˜[01m[Kseekcamera_manager_create[m[Kâ€™ was not declared in this scope
[3.399s]    45 |     seekcamera_error_t res = [01;31m[Kseekcamera_manager_create[m[K(&manager, discovery_mode);
[3.399s]       |                              [01;31m[K^~~~~~~~~~~~~~~~~~~~~~~~~[m[K
[3.435s] [01m[K/home/username/ros2_ws/src/img_capture/src/seekcamera_publisher.cpp:53:11:[m[K [01;31m[Kerror: [m[Kâ€˜[01m[Kseekcamera_manager_register_event_callback[m[Kâ€™ was not declared in this scope
[3.435s]    53 |     res = [01;31m[Kseekcamera_manager_register_event_callback[m[K(manager, cameraManagerEventCallback, nullptr);
[3.435s]       |           [01;31m[K^~~~~~~~~~~~~~~~~~~~~~~~~~~~~~~~~~~~~~~~~~[m[K
[3.457s] [01m[K/home/username/ros2_ws/src/img_capture/src/seekcamera_publisher.cpp:58:7:[m[K [01;31m[Kerror: [m[Kâ€˜[01m[Kseekcamera_manager_destroy[m[Kâ€™ was not declared in this scope
[3.457s]    58 |       [01;31m[Kseekcamera_manager_destroy[m[K(&manager);
[3.458s]       |       [01;31m[K^~~~~~~~~~~~~~~~~~~~~~~~~~[m[K
[3.459s] [01m[K/home/username/ros2_ws/src/img_capture/src/seekcamera_publisher.cpp:[m[K At global scope:
[3.459s] [01m[K/home/username/ros2_ws/src/img_capture/src/seekcamera_publisher.cpp:71:5:[m[K [01;31m[Kerror: [m[Kâ€˜[01m[Kseekcamera_manager_event_t[m[Kâ€™ has not been declared
[3.459s]    71 |     [01;31m[Kseekcamera_manager_event_t[m[K event,
[3.459s]       |     [01;31m[K^~~~~~~~~~~~~~~~~~~~~~~~~~[m[K
[3.478s] [01m[K/home/username/ros2_ws/src/img_capture/src/seekcamera_publisher.cpp:[m[K In function â€˜[01m[Kvoid[01;32m[K cameraManagerEventCallback[m[K(seekcamera_t*, int, seekcamera_error_t, void*)[m[Kâ€™:
[3.478s] [01m[K/home/username/ros2_ws/src/img_capture/src/seekcamera_publisher.cpp:77:16:[m[K [01;31m[Kerror: [m[Kâ€˜[01m[KSEEKCAMERA_MANAGER_EVENT_CONNECT[m[Kâ€™ was not declared in this scope
[3.478s]    77 |   if (event == [01;31m[KSEEKCAMERA_MANAGER_EVENT_CONNECT[m[K) {
[3.478s]       |                [01;31m[K^~~~~~~~~~~~~~~~~~~~~~~~~~~~~~~~[m[K
[3.499s] [01m[K/home/username/ros2_ws/src/img_capture/src/seekcamera_publisher.cpp:96:23:[m[K [01;31m[Kerror: [m[Kâ€˜[01m[KSEEKCAMERA_MANAGER_EVENT_DISCONNECT[m[Kâ€™ was not declared in this scope
[3.499s]    96 |   } else if (event == [01;31m[KSEEKCAMERA_MANAGER_EVENT_DISCONNECT[m[K) {
[3.499s]       |                       [01;31m[K^~~~~~~~~~~~~~~~~~~~~~~~~~~~~~~~~~~[m[K
[3.521s] [01m[K/home/username/ros2_ws/src/img_capture/src/seekcamera_publisher.cpp:99:23:[m[K [01;31m[Kerror: [m[Kâ€˜[01m[KSEEKCAMERA_MANAGER_EVENT_READY_TO_PAIR[m[Kâ€™ was not declared in this scope
[3.521s]    99 |   } else if (event == [01;31m[KSEEKCAMERA_MANAGER_EVENT_READY_TO_PAIR[m[K) {
[3.521s]       |                       [01;31m[K^~~~~~~~~~~~~~~~~~~~~~~~~~~~~~~~~~~~~~[m[K
[3.538s] [01m[K/home/username/ros2_ws/src/img_capture/src/seekcamera_publisher.cpp:102:23:[m[K [01;31m[Kerror: [m[Kâ€˜[01m[KSEEKCAMERA_MANAGER_EVENT_ERROR[m[Kâ€™ was not declared in this scope
[3.538s]   102 |   } else if (event == [01;31m[KSEEKCAMERA_MANAGER_EVENT_ERROR[m[K) {
[3.538s]       |                       [01;31m[K^~~~~~~~~~~~~~~~~~~~~~~~~~~~~~[m[K
[4.932s] [01m[K/home/username/ros2_ws/src/img_capture/src/seekcamera_publisher.cpp:[m[K At global scope:
[4.932s] [01m[K/home/username/ros2_ws/src/img_capture/src/seekcamera_publisher.cpp:69:13:[m[K [01;35m[Kwarning: [m[Kâ€˜[01m[Kvoid[01;32m[K cameraManagerEventCallback[m[K(seekcamera_t*, int, seekcamera_error_t, void*)[m[Kâ€™ defined but not used [[01;35m[K]8;;https://gcc.gnu.org/onlinedocs/gcc/Warning-Options.html#index-Wunused-function-Wunused-function]8;;[m[K]
[4.932s]    69 | static void [01;35m[KcameraManagerEventCallback[m[K(
[4.932s]       |             [01;35m[K^~~~~~~~~~~~~~~~~~~~~~~~~~[m[K
[4.971s] gmake[2]: *** [CMakeFiles/seekcamera_publisher.dir/build.make:76: CMakeFiles/seekcamera_publisher.dir/src/seekcamera_publisher.cpp.o] Error 1
[4.971s] gmake[1]: *** [CMakeFiles/Makefile2:137: CMakeFiles/seekcamera_publisher.dir/all] Error 2
[4.971s] gmake: *** [Makefile:146: all] Error 2
[4.975s] Invoked command in '/home/username/ros2_ws/build/img_capture' returned '2': CMAKE_PREFIX_PATH=${CMAKE_PREFIX_PATH}:/opt/ros/jazzy /usr/bin/cmake --build /home/username/ros2_ws/build/img_capture -- -j4 -l4
