[0.015s] Invoking command in '/home/username/ros2_ws/build/img_capture': CMAKE_PREFIX_PATH=${CMAKE_PREFIX_PATH}:/opt/ros/jazzy /usr/bin/cmake /home/username/ros2_ws/src/img_capture -DCMAKE_INSTALL_PREFIX=/home/username/ros2_ws/install/img_capture
[0.037s] -- Found ament_cmake: 2.5.3 (/opt/ros/jazzy/share/ament_cmake/cmake)
[0.356s] -- Override CMake install command with custom implementation using symlinks instead of copying resources
[0.366s] -- Found rclcpp: 28.1.6 (/opt/ros/jazzy/share/rclcpp/cmake)
[0.398s] -- Found rosidl_generator_c: 4.6.5 (/opt/ros/jazzy/share/rosidl_generator_c/cmake)
[0.411s] -- Found rosidl_generator_cpp: 4.6.5 (/opt/ros/jazzy/share/rosidl_generator_cpp/cmake)
[0.427s] -- Using all available rosidl_typesupport_c: rosidl_typesupport_fastrtps_c;rosidl_typesupport_introspection_c
[0.445s] -- Using all available rosidl_typesupport_cpp: rosidl_typesupport_fastrtps_cpp;rosidl_typesupport_introspection_cpp
[0.527s] -- Found rmw_implementation_cmake: 7.3.1 (/opt/ros/jazzy/share/rmw_implementation_cmake/cmake)
[0.529s] -- Found rmw_fastrtps_cpp: 8.4.1 (/opt/ros/jazzy/share/rmw_fastrtps_cpp/cmake)
[0.617s] -- Using RMW implementation 'rmw_fastrtps_cpp' as default
[0.696s] -- Found sensor_msgs: 5.3.5 (/opt/ros/jazzy/share/sensor_msgs/cmake)
[0.918s] -- Configuring done (0.9s)
[0.940s] -- Generating done (0.0s)
[0.960s] -- Build files have been written to: /home/username/ros2_ws/build/img_capture
[0.975s] Invoked command in '/home/username/ros2_ws/build/img_capture' returned '0': CMAKE_PREFIX_PATH=${CMAKE_PREFIX_PATH}:/opt/ros/jazzy /usr/bin/cmake /home/username/ros2_ws/src/img_capture -DCMAKE_INSTALL_PREFIX=/home/username/ros2_ws/install/img_capture
[0.977s] Invoking command in '/home/username/ros2_ws/build/img_capture': CMAKE_PREFIX_PATH=${CMAKE_PREFIX_PATH}:/opt/ros/jazzy /usr/bin/cmake --build /home/username/ros2_ws/build/img_capture -- -j4 -l4
[1.074s] [ 50%] [32mBuilding CXX object CMakeFiles/seekcamera_publisher.dir/src/seekcamera_publisher.cpp.o[0m
[4.270s] [01m[K/home/username/ros2_ws/src/img_capture/src/seekcamera_publisher.cpp:18:5:[m[K [01;31m[Kerror: [m[Kâ€˜[01m[Kseekcamera_manager_event_t[m[Kâ€™ has not been declared
[4.270s]    18 |     [01;31m[Kseekcamera_manager_event_t[m[K event,
[4.270s]       |     [01;31m[K^~~~~~~~~~~~~~~~~~~~~~~~~~[m[K
[4.288s] [01m[K/home/username/ros2_ws/src/img_capture/src/seekcamera_publisher.cpp:[m[K In constructor â€˜[01m[KSeekCameraNode::[01;32m[KSeekCameraNode[m[K()[m[Kâ€™:
[4.288s] [01m[K/home/username/ros2_ws/src/img_capture/src/seekcamera_publisher.cpp:40:5:[m[K [01;31m[Kerror: [m[Kâ€˜[01m[Kseekcamera_manager_t[m[Kâ€™ was not declared in this scope; did you mean â€˜[01m[Kseekcamera_frame_t[m[Kâ€™?
[4.288s]    40 |     [01;31m[Kseekcamera_manager_t[m[K* manager = nullptr;
[4.288s]       |     [01;31m[K^~~~~~~~~~~~~~~~~~~~[m[K
[4.288s]       |     [32m[Kseekcamera_frame_t[m[K
[4.299s] [01m[K/home/username/ros2_ws/src/img_capture/src/seekcamera_publisher.cpp:40:27:[m[K [01;31m[Kerror: [m[Kâ€˜[01m[Kmanager[m[Kâ€™ was not declared in this scope
[4.299s]    40 |     seekcamera_manager_t* [01;31m[Kmanager[m[K = nullptr;
[4.299s]       |                           [01;31m[K^~~~~~~[m[K
[4.320s] [01m[K/home/username/ros2_ws/src/img_capture/src/seekcamera_publisher.cpp:45:30:[m[K [01;31m[Kerror: [m[Kâ€˜[01m[Kseekcamera_manager_create[m[Kâ€™ was not declared in this scope
[4.320s]    45 |     seekcamera_error_t res = [01;31m[Kseekcamera_manager_create[m[K(&manager, discovery_mode);
[4.320s]       |                              [01;31m[K^~~~~~~~~~~~~~~~~~~~~~~~~[m[K
[4.355s] [01m[K/home/username/ros2_ws/src/img_capture/src/seekcamera_publisher.cpp:53:11:[m[K [01;31m[Kerror: [m[Kâ€˜[01m[Kseekcamera_manager_register_event_callback[m[Kâ€™ was not declared in this scope
[4.356s]    53 |     res = [01;31m[Kseekcamera_manager_register_event_callback[m[K(manager, cameraManagerEventCallback, nullptr);
[4.356s]       |           [01;31m[K^~~~~~~~~~~~~~~~~~~~~~~~~~~~~~~~~~~~~~~~~~[m[K
[4.378s] [01m[K/home/username/ros2_ws/src/img_capture/src/seekcamera_publisher.cpp:58:7:[m[K [01;31m[Kerror: [m[Kâ€˜[01m[Kseekcamera_manager_destroy[m[Kâ€™ was not declared in this scope
[4.378s]    58 |       [01;31m[Kseekcamera_manager_destroy[m[K(&manager);
[4.378s]       |       [01;31m[K^~~~~~~~~~~~~~~~~~~~~~~~~~[m[K
[4.379s] [01m[K/home/username/ros2_ws/src/img_capture/src/seekcamera_publisher.cpp:[m[K At global scope:
[4.379s] [01m[K/home/username/ros2_ws/src/img_capture/src/seekcamera_publisher.cpp:71:5:[m[K [01;31m[Kerror: [m[Kâ€˜[01m[Kseekcamera_manager_event_t[m[Kâ€™ has not been declared
[4.379s]    71 |     [01;31m[Kseekcamera_manager_event_t[m[K event,
[4.380s]       |     [01;31m[K^~~~~~~~~~~~~~~~~~~~~~~~~~[m[K
[4.398s] [01m[K/home/username/ros2_ws/src/img_capture/src/seekcamera_publisher.cpp:[m[K In function â€˜[01m[Kvoid[01;32m[K cameraManagerEventCallback[m[K(seekcamera_t*, int, seekcamera_error_t, void*)[m[Kâ€™:
[4.398s] [01m[K/home/username/ros2_ws/src/img_capture/src/seekcamera_publisher.cpp:77:16:[m[K [01;31m[Kerror: [m[Kâ€˜[01m[KSEEKCAMERA_MANAGER_EVENT_CONNECT[m[Kâ€™ was not declared in this scope
[4.398s]    77 |   if (event == [01;31m[KSEEKCAMERA_MANAGER_EVENT_CONNECT[m[K) {
[4.398s]       |                [01;31m[K^~~~~~~~~~~~~~~~~~~~~~~~~~~~~~~~[m[K
[4.419s] [01m[K/home/username/ros2_ws/src/img_capture/src/seekcamera_publisher.cpp:96:23:[m[K [01;31m[Kerror: [m[Kâ€˜[01m[KSEEKCAMERA_MANAGER_EVENT_DISCONNECT[m[Kâ€™ was not declared in this scope
[4.419s]    96 |   } else if (event == [01;31m[KSEEKCAMERA_MANAGER_EVENT_DISCONNECT[m[K) {
[4.419s]       |                       [01;31m[K^~~~~~~~~~~~~~~~~~~~~~~~~~~~~~~~~~~[m[K
[4.441s] [01m[K/home/username/ros2_ws/src/img_capture/src/seekcamera_publisher.cpp:99:23:[m[K [01;31m[Kerror: [m[Kâ€˜[01m[KSEEKCAMERA_MANAGER_EVENT_READY_TO_PAIR[m[Kâ€™ was not declared in this scope
[4.441s]    99 |   } else if (event == [01;31m[KSEEKCAMERA_MANAGER_EVENT_READY_TO_PAIR[m[K) {
[4.441s]       |                       [01;31m[K^~~~~~~~~~~~~~~~~~~~~~~~~~~~~~~~~~~~~~[m[K
[4.458s] [01m[K/home/username/ros2_ws/src/img_capture/src/seekcamera_publisher.cpp:102:23:[m[K [01;31m[Kerror: [m[Kâ€˜[01m[KSEEKCAMERA_MANAGER_EVENT_ERROR[m[Kâ€™ was not declared in this scope
[4.458s]   102 |   } else if (event == [01;31m[KSEEKCAMERA_MANAGER_EVENT_ERROR[m[K) {
[4.458s]       |                       [01;31m[K^~~~~~~~~~~~~~~~~~~~~~~~~~~~~~[m[K
[5.790s] [01m[K/home/username/ros2_ws/src/img_capture/src/seekcamera_publisher.cpp:[m[K At global scope:
[5.790s] [01m[K/home/username/ros2_ws/src/img_capture/src/seekcamera_publisher.cpp:69:13:[m[K [01;35m[Kwarning: [m[Kâ€˜[01m[Kvoid[01;32m[K cameraManagerEventCallback[m[K(seekcamera_t*, int, seekcamera_error_t, void*)[m[Kâ€™ defined but not used [[01;35m[K]8;;https://gcc.gnu.org/onlinedocs/gcc/Warning-Options.html#index-Wunused-function-Wunused-function]8;;[m[K]
[5.790s]    69 | static void [01;35m[KcameraManagerEventCallback[m[K(
[5.790s]       |             [01;35m[K^~~~~~~~~~~~~~~~~~~~~~~~~~[m[K
[5.835s] gmake[2]: *** [CMakeFiles/seekcamera_publisher.dir/build.make:76: CMakeFiles/seekcamera_publisher.dir/src/seekcamera_publisher.cpp.o] Error 1
[5.835s] gmake[1]: *** [CMakeFiles/Makefile2:137: CMakeFiles/seekcamera_publisher.dir/all] Error 2
[5.835s] gmake: *** [Makefile:146: all] Error 2
[5.839s] Invoked command in '/home/username/ros2_ws/build/img_capture' returned '2': CMAKE_PREFIX_PATH=${CMAKE_PREFIX_PATH}:/opt/ros/jazzy /usr/bin/cmake --build /home/username/ros2_ws/build/img_capture -- -j4 -l4
